


materialPath: D:\Projects\MapDev\AKIBA\GarrysMod\garrysmod\materials
Loading D:\Projects\Git\akiba-remake\gm_akb2_d_lexis_edit.vmf
ConVarRef mat_reduceparticles doesn't point to an existing ConVar
"materials//3dblur.vtf": cached version doesn't exist
Could not locate 'GameData' key in d:\projects\mapdev\akiba\garrysmod\garrysmod\gameinfo.txt
fixing up env_cubemap materials on brush sides...
0...1...2...3...4...5...6...7...8...9...100...1...2...3...4...5...6...7...8...9...10Processing areas...done (0)
Building Faces...done (0)
Chop Details...done (0)
Find Visible Detail Sides...
Merged 2302 detail faces...done (0)
Merging details...done (0)
FixTjuncs...
PruneNodes...
WriteBSP...
done (3)
writing D:\Projects\Git\akiba-remake\gm_akb2_d_lexis_edit.prt...Building visibility clusters...
done (0)
Creating default LDR cubemaps for env_cubemap using skybox materials:
   skybox/sky_day02_02_hdr*.vmt
 ! Run buildcubemaps in the engine to get the correct cube maps.
Creating default HDR cubemaps for env_cubemap using skybox materials:
   skybox/sky_day02_02_hdr*.vmt
 ! Run buildcubemaps in the engine to get the correct cube maps.
Finding displacement neighbors...
Finding lightmap sample positions...
Displacement Alpha : 0...1...2...3...4...5...6...7...8...9...10
Building Physics collision data...
done (1) (1652864 bytes)
Placing detail props : 0...1...2...3...4...5...6...7...8...9...10
Compacting texture/material tables...
Reduced 9809 texinfos to 9220
Reduced 859 texdatas to 845 (23725 bytes to 23135)
Writing D:\Projects\Git\akiba-remake\gm_akb2_d_lexis_edit.bsp
12 seconds elapsed



8 threads
reading d:\projects\git\akiba-remake\gm_akb2_d_lexis_edit.bsp
reading d:\projects\git\akiba-remake\gm_akb2_d_lexis_edit.prt
6908 portalclusters
23394 numportals
0...1...2...3...4...5...6...7...8...9...100